ERROR - 2022-08-18 10:49:32 --> mysqli_sql_exception: Column 'username' cannot be null in C:\Users\Deni Kurnia\Desktop\Koding\Projek\antrian-motor\web-antrian\system\Database\MySQLi\Connection.php:292
Stack trace:
#0 C:\Users\Deni Kurnia\Desktop\Koding\Projek\antrian-motor\web-antrian\system\Database\MySQLi\Connection.php(292): mysqli->query('INSERT INTO `tb...', 0)
#1 C:\Users\Deni Kurnia\Desktop\Koding\Projek\antrian-motor\web-antrian\system\Database\BaseConnection.php(693): CodeIgniter\Database\MySQLi\Connection->execute('INSERT INTO `tb...')
#2 C:\Users\Deni Kurnia\Desktop\Koding\Projek\antrian-motor\web-antrian\system\Database\BaseConnection.php(620): CodeIgniter\Database\BaseConnection->simpleQuery('INSERT INTO `tb...')
#3 C:\Users\Deni Kurnia\Desktop\Koding\Projek\antrian-motor\web-antrian\system\Database\BaseBuilder.php(1916): CodeIgniter\Database\BaseConnection->query('INSERT INTO `tb...', Array, false)
#4 C:\Users\Deni Kurnia\Desktop\Koding\Projek\antrian-motor\web-antrian\system\Model.php(278): CodeIgniter\Database\BaseBuilder->insert()
#5 C:\Users\Deni Kurnia\Desktop\Koding\Projek\antrian-motor\web-antrian\system\BaseModel.php(738): CodeIgniter\Model->doInsert(Array)
#6 C:\Users\Deni Kurnia\Desktop\Koding\Projek\antrian-motor\web-antrian\system\Model.php(666): CodeIgniter\BaseModel->insert(Array, false)
#7 C:\Users\Deni Kurnia\Desktop\Koding\Projek\antrian-motor\web-antrian\system\BaseModel.php(658): CodeIgniter\Model->insert(Array, false)
#8 C:\Users\Deni Kurnia\Desktop\Koding\Projek\antrian-motor\web-antrian\app\Controllers\Auth.php(53): CodeIgniter\BaseModel->save(Array)
#9 C:\Users\Deni Kurnia\Desktop\Koding\Projek\antrian-motor\web-antrian\system\CodeIgniter.php(904): App\Controllers\Auth->save()
#10 C:\Users\Deni Kurnia\Desktop\Koding\Projek\antrian-motor\web-antrian\system\CodeIgniter.php(457): CodeIgniter\CodeIgniter->runController(Object(App\Controllers\Auth))
#11 C:\Users\Deni Kurnia\Desktop\Koding\Projek\antrian-motor\web-antrian\system\CodeIgniter.php(340): CodeIgniter\CodeIgniter->handleRequest(NULL, Object(Config\Cache), false)
#12 C:\Users\Deni Kurnia\Desktop\Koding\Projek\antrian-motor\web-antrian\public\index.php(67): CodeIgniter\CodeIgniter->run()
#13 C:\Users\Deni Kurnia\Desktop\Koding\Projek\antrian-motor\web-antrian\system\Commands\Server\rewrite.php(43): require_once('C:\\Users\\Deni K...')
#14 {main}
CRITICAL - 2022-08-18 10:49:32 --> Column 'username' cannot be null
in SYSTEMPATH\Database\MySQLi\Connection.php on line 292.
 1 SYSTEMPATH\Database\MySQLi\Connection.php(292): mysqli->query('INSERT INTO `tb_user` (`email`, `username`, `password`, `role`, `created_at`, `updated_at`) VALUES (\'denikurnia111000@gmail.com\', NULL, \'a4b9251eedea37ad2323694b703b6ab81a3f3ffe\', \'user\', \'2022-08-18 10:49:32\', \'2022-08-18 10:49:32\')', 0)
 2 SYSTEMPATH\Database\BaseConnection.php(693): CodeIgniter\Database\MySQLi\Connection->execute('INSERT INTO `tb_user` (`email`, `username`, `password`, `role`, `created_at`, `updated_at`) VALUES (\'denikurnia111000@gmail.com\', NULL, \'a4b9251eedea37ad2323694b703b6ab81a3f3ffe\', \'user\', \'2022-08-18 10:49:32\', \'2022-08-18 10:49:32\')')
 3 SYSTEMPATH\Database\BaseConnection.php(620): CodeIgniter\Database\BaseConnection->simpleQuery('INSERT INTO `tb_user` (`email`, `username`, `password`, `role`, `created_at`, `updated_at`) VALUES (\'denikurnia111000@gmail.com\', NULL, \'a4b9251eedea37ad2323694b703b6ab81a3f3ffe\', \'user\', \'2022-08-18 10:49:32\', \'2022-08-18 10:49:32\')')
 4 SYSTEMPATH\Database\BaseBuilder.php(1916): CodeIgniter\Database\BaseConnection->query('INSERT INTO `tb_user` (`email`, `username`, `password`, `role`, `created_at`, `updated_at`) VALUES (:email:, :username:, :password:, :role:, :created_at:, :updated_at:)', [...], false)
 5 SYSTEMPATH\Model.php(278): CodeIgniter\Database\BaseBuilder->insert()
 6 SYSTEMPATH\BaseModel.php(738): CodeIgniter\Model->doInsert([...])
 7 SYSTEMPATH\Model.php(666): CodeIgniter\BaseModel->insert([...], false)
 8 SYSTEMPATH\BaseModel.php(658): CodeIgniter\Model->insert([...], false)
 9 APPPATH\Controllers\Auth.php(53): CodeIgniter\BaseModel->save([...])
10 SYSTEMPATH\CodeIgniter.php(904): App\Controllers\Auth->save()
11 SYSTEMPATH\CodeIgniter.php(457): CodeIgniter\CodeIgniter->runController(Object(App\Controllers\Auth))
12 SYSTEMPATH\CodeIgniter.php(340): CodeIgniter\CodeIgniter->handleRequest(null, Object(Config\Cache), false)
13 FCPATH\index.php(67): CodeIgniter\CodeIgniter->run()
14 SYSTEMPATH\Commands\Server\rewrite.php(43): require_once('FCPATH\\index.php')
